0 info it worked if it ends with ok
1 verbose cli [ 'node', '/usr/local/bin/npm', 'install', '­­global', 'gulp' ]
2 info using npm@2.11.2
3 info using node@v0.12.6
4 verbose install initial load of /Users/Temchik/Dropbox/test1/package.json
5 warn package.json @ No description
6 warn package.json @ No repository field.
7 warn package.json @ No README data
8 warn package.json @ No license field.
9 verbose installManyTop reading scoped package data from /Users/Temchik/Dropbox/test1/node_modules/browser-sync/package.json
10 verbose installManyTop reading scoped package data from /Users/Temchik/Dropbox/test1/node_modules/gulp/package.json
11 verbose readDependencies loading dependencies from /Users/Temchik/Dropbox/test1/package.json
12 silly cache add args [ '­­global', null ]
13 verbose cache add spec ­­global
14 verbose install gulp is installed as 3.9.0
15 silly cache add args [ 'gulp', null ]
16 verbose cache add spec gulp
17 silly cache add parsed spec { raw: '­­global',
17 silly cache add   scope: null,
17 silly cache add   name: null,
17 silly cache add   rawSpec: '­­global',
17 silly cache add   spec: '/Users/Temchik/Dropbox/test1/­­global',
17 silly cache add   type: 'local' }
18 silly cache add parsed spec { raw: 'gulp',
18 silly cache add   scope: null,
18 silly cache add   name: 'gulp',
18 silly cache add   rawSpec: '',
18 silly cache add   spec: '*',
18 silly cache add   type: 'range' }
19 silly addNamed gulp@*
20 verbose addNamed "*" is a valid semver range for gulp
21 silly addNameRange { name: 'gulp', range: '*', hasData: false }
22 silly mapToRegistry name gulp
23 silly mapToRegistry using default registry
24 silly mapToRegistry registry https://registry.npmjs.org/
25 silly mapToRegistry uri https://registry.npmjs.org/gulp
26 verbose addNameRange registry:https://registry.npmjs.org/gulp not in flight; fetching
27 error addLocal Could not install /Users/Temchik/Dropbox/test1/­­global
28 verbose request uri https://registry.npmjs.org/gulp
29 verbose request no auth needed
30 info attempt registry request try #1 at 4:35:08 PM
31 verbose request id c55947c534bed4ae
32 verbose etag "BF2JK86JBYRVW9INOOP5EZ3LY"
33 http request GET https://registry.npmjs.org/gulp
34 http 304 https://registry.npmjs.org/gulp
35 silly get cb [ 304,
35 silly get   { date: 'Sat, 18 Jul 2015 13:35:08 GMT',
35 silly get     via: '1.1 varnish',
35 silly get     'cache-control': 'max-age=60',
35 silly get     etag: '"BF2JK86JBYRVW9INOOP5EZ3LY"',
35 silly get     age: '14',
35 silly get     connection: 'keep-alive',
35 silly get     'x-served-by': 'cache-fra1226-FRA',
35 silly get     'x-cache': 'HIT',
35 silly get     'x-cache-hits': '1',
35 silly get     'x-timer': 'S1437226508.807118,VS0,VE0',
35 silly get     vary: 'Accept' } ]
36 verbose etag https://registry.npmjs.org/gulp from cache
37 verbose get saving gulp to /Users/Temchik/.npm/registry.npmjs.org/gulp/.cache.json
38 silly addNameRange number 2 { name: 'gulp', range: '*', hasData: true }
39 silly addNameRange versions [ 'gulp',
39 silly addNameRange   [ '0.0.1',
39 silly addNameRange     '0.0.2',
39 silly addNameRange     '0.0.3',
39 silly addNameRange     '0.0.4',
39 silly addNameRange     '0.0.5',
39 silly addNameRange     '0.0.7',
39 silly addNameRange     '0.0.8',
39 silly addNameRange     '0.0.9',
39 silly addNameRange     '0.1.0',
39 silly addNameRange     '0.2.0',
39 silly addNameRange     '1.0.0',
39 silly addNameRange     '1.1.0',
39 silly addNameRange     '1.2.0',
39 silly addNameRange     '1.2.1',
39 silly addNameRange     '2.0.0',
39 silly addNameRange     '2.0.1',
39 silly addNameRange     '2.1.0',
39 silly addNameRange     '2.2.0',
39 silly addNameRange     '2.3.0',
39 silly addNameRange     '2.4.0',
39 silly addNameRange     '2.4.1',
39 silly addNameRange     '2.6.0',
39 silly addNameRange     '2.6.1',
39 silly addNameRange     '2.7.0',
39 silly addNameRange     '3.0.0',
39 silly addNameRange     '3.1.1',
39 silly addNameRange     '3.1.2',
39 silly addNameRange     '3.1.3',
39 silly addNameRange     '3.1.4',
39 silly addNameRange     '3.2.0',
39 silly addNameRange     '3.2.1',
39 silly addNameRange     '3.2.2',
39 silly addNameRange     '3.2.3',
39 silly addNameRange     '3.2.4',
39 silly addNameRange     '3.2.5',
39 silly addNameRange     '3.3.0',
39 silly addNameRange     '3.3.1',
39 silly addNameRange     '3.3.2',
39 silly addNameRange     '3.3.4',
39 silly addNameRange     '3.4.0',
39 silly addNameRange     '3.5.0',
39 silly addNameRange     '3.5.1',
39 silly addNameRange     '3.5.2',
39 silly addNameRange     '3.5.5',
39 silly addNameRange     '3.5.6',
39 silly addNameRange     '3.6.0',
39 silly addNameRange     '3.6.1',
39 silly addNameRange     '3.6.2',
39 silly addNameRange     '3.7.0',
39 silly addNameRange     '3.8.0',
39 silly addNameRange     '3.8.1',
39 silly addNameRange     '3.8.2',
39 silly addNameRange     '3.8.3',
39 silly addNameRange     '3.8.4',
39 silly addNameRange     '3.8.5',
39 silly addNameRange     '3.8.6',
39 silly addNameRange     '3.8.7',
39 silly addNameRange     '3.8.8',
39 silly addNameRange     '3.8.9',
39 silly addNameRange     '3.8.10',
39 silly addNameRange     '3.8.11',
39 silly addNameRange     '3.9.0' ] ]
40 silly addNamed gulp@3.9.0
41 verbose addNamed "3.9.0" is a plain semver version for gulp
42 silly cache afterAdd gulp@3.9.0
43 verbose afterAdd /Users/Temchik/.npm/gulp/3.9.0/package/package.json not in flight; writing
44 verbose afterAdd /Users/Temchik/.npm/gulp/3.9.0/package/package.json written
45 verbose stack Error: ENOENT, open '/Users/Temchik/Dropbox/test1/­­global'
45 verbose stack     at Error (native)
46 verbose cwd /Users/Temchik/Dropbox/test1
47 error Darwin 15.0.0
48 error argv "node" "/usr/local/bin/npm" "install" "­­global" "gulp"
49 error node v0.12.6
50 error npm  v2.11.2
51 error path /Users/Temchik/Dropbox/test1/­­global
52 error code ENOENT
53 error errno -2
54 error enoent ENOENT, open '/Users/Temchik/Dropbox/test1/­­global'
54 error enoent This is most likely not a problem with npm itself
54 error enoent and is related to npm not being able to find a file.
55 verbose exit [ -2, true ]
